[20Dec2024 01:40:32.881] [Server thread/INFO] [net.minecraft.server.players.PlayerList/]: mainyorick[/127.0.107.67:37195] logged in with entity id 50543 at (218.9348140654308, 63.0, 551.5525501929767)
[20Dec2024 01:40:32.896] [Server thread/INFO] [net.minecraft.server.MinecraftServer/]: mainyorick joined the game
[20Dec2024 01:41:31.575] [Server thread/WARN] [net.minecraft.world.level.storage.loot.functions.SetItemDamageFunction/]: Couldn't set damage of loot item 0 air
[20Dec2024 01:43:09.130] [Server thread/INFO] [net.minecraft.world.entity.LivingEntity/]: Named entity InfectedPlayer['ABucketOfFriedChicken'/51341, l='ServerLevel[world]', x=259.30, y=48.04, z=609.88] died: ABucketOfFriedChicken was slain by Beast Patient
[20Dec2024 01:43:28.828] [Server thread/INFO] [net.minecraft.server.MinecraftServer/]: mainyorick was slain by Leech
[20Dec2024 01:43:56.076] [Server thread/INFO] [net.minecraft.world.entity.LivingEntity/]: Named entity InfectedPlayer['Azami'/52803, l='ServerLevel[world]', x=237.30, y=39.42, z=450.70] died: Azami was slain by Beast Patient
[20Dec2024 01:44:24.176] [Server thread/WARN] [net.minecraft.world.level.storage.loot.functions.SetItemDamageFunction/]: Couldn't set damage of loot item 0 air
[20Dec2024 01:44:28.878] [Server thread/WARN] [net.minecraft.world.level.storage.loot.functions.SetItemDamageFunction/]: Couldn't set damage of loot item 0 air
[20Dec2024 01:46:12.378] [Server thread/INFO] [net.minecraft.server.MinecraftServer/]: mainyorick was slain by Ashen Blood Beast Patient
[20Dec2024 01:46:23.593] [Server thread/INFO] [net.minecraft.server.MinecraftServer/]: [mainyorick: Set own game mode to Creative Mode]
[20Dec2024 01:46:32.173] [Server thread/WARN] [net.minecraft.world.level.storage.loot.functions.SetItemDamageFunction/]: Couldn't set damage of loot item 0 air
[20Dec2024 01:46:51.872] [Server thread/WARN] [net.minecraft.world.level.storage.loot.functions.SetItemDamageFunction/]: Couldn't set damage of loot item 0 air
[20Dec2024 01:48:41.696] [Server thread/INFO] [net.minecraft.server.MinecraftServer/]: [mainyorick: Set own game mode to Survival Mode]
[20Dec2024 01:49:07.029] [Server thread/INFO] [net.minecraft.world.entity.LivingEntity/]: Named entity InfectedPlayer['Joker_de_Coeur'/57103, l='ServerLevel[world]', x=234.02, y=74.00, z=626.03] died: Joker_de_Coeur was shot by Skeleton
[20Dec2024 01:49:16.077] [Server thread/WARN] [net.minecraft.world.level.storage.loot.functions.SetItemDamageFunction/]: Couldn't set damage of loot item 0 air
[20Dec2024 01:57:11.765] [Server thread/WARN] [jeg/]: literal{mainyorick}(d3e0655a-278c-3bed-9fdf-7faa1773f611) tried to fire before cooldown finished or server is lagging? Remaining milliseconds: 149
[20Dec2024 01:57:11.766] [Server thread/WARN] [jeg/]: literal{mainyorick}(d3e0655a-278c-3bed-9fdf-7faa1773f611) tried to fire before cooldown finished or server is lagging? Remaining milliseconds: 147
[20Dec2024 01:57:11.780] [Server thread/WARN] [jeg/]: literal{mainyorick}(d3e0655a-278c-3bed-9fdf-7faa1773f611) tried to fire before cooldown finished or server is lagging? Remaining milliseconds: 133
[20Dec2024 01:58:24.673] [Server thread/INFO] [net.minecraft.server.MinecraftServer/]: mainyorick was eaten alive by Infected Villager
[20Dec2024 01:58:33.830] [Server thread/INFO] [net.minecraft.server.MinecraftServer/]: [mainyorick: Set own game mode to Creative Mode]
[20Dec2024 01:59:08.771] [Server thread/WARN] [net.minecraft.world.level.storage.loot.functions.SetItemDamageFunction/]: Couldn't set damage of loot item 0 air
[20Dec2024 02:00:28.082] [Server thread/WARN] [jeg/]: literal{mainyorick}(d3e0655a-278c-3bed-9fdf-7faa1773f611) tried to fire before cooldown finished or server is lagging? Remaining milliseconds: 100
[20Dec2024 02:02:37.026] [Server thread/INFO] [net.minecraft.server.MinecraftServer/]: [mainyorick: Set own game mode to Survival Mode]
[20Dec2024 02:03:48.071] [Server thread/WARN] [net.minecraft.world.level.storage.loot.functions.SetItemDamageFunction/]: Couldn't set damage of loot item 0 air
[20Dec2024 02:06:32.127] [Server thread/WARN] [net.minecraft.world.level.storage.loot.functions.SetItemDamageFunction/]: Couldn't set damage of loot item 0 air
[20Dec2024 02:07:08.681] [Server thread/INFO] [net.minecraft.world.entity.LivingEntity/]: Named entity InfectedPlayer['Zero'/70164, l='ServerLevel[world]', x=192.46, y=68.00, z=460.72] died: Zero was slain by Gravetender Hollow
[20Dec2024 02:07:28.777] [Server thread/INFO] [net.minecraft.world.entity.LivingEntity/]: Named entity InfectedPlayer['The_Harbinger69'/70667, l='ServerLevel[world]', x=257.31, y=63.00, z=467.53] died: The_Harbinger69 was slain by Hollow Soldier
[20Dec2024 02:08:30.778] [Server thread/WARN] [net.minecraft.world.level.storage.loot.functions.SetItemDamageFunction/]: Couldn't set damage of loot item 0 air
[20Dec2024 02:08:32.379] [Server thread/WARN] [net.minecraft.world.level.storage.loot.functions.SetItemDamageFunction/]: Couldn't set damage of loot item 0 air
[20Dec2024 02:08:55.314] [Server thread/WARN] [jeg/]: literal{mainyorick}(d3e0655a-278c-3bed-9fdf-7faa1773f611) tried to fire before cooldown finished or server is lagging? Remaining milliseconds: 150
[20Dec2024 02:10:01.049] [Server thread/INFO] [net.minecraft.world.entity.LivingEntity/]: Named entity InfectedPlayer['The_Harbinger69'/72564, l='ServerLevel[world]', x=230.11, y=66.88, z=490.99] died: The_Harbinger69 was slain by Hollow Soldier
[20Dec2024 02:10:14.534] [Server thread/WARN] [net.minecraft.world.level.storage.loot.functions.SetItemDamageFunction/]: Couldn't set damage of loot item 0 air
[20Dec2024 02:10:15.521] [Server thread/WARN] [net.minecraft.world.level.storage.loot.functions.SetItemDamageFunction/]: Couldn't set damage of loot item 0 air
[20Dec2024 02:10:45.104] [Server thread/INFO] [net.minecraft.server.MinecraftServer/]: [mainyorick: Set own game mode to Creative Mode]
